<?xml version="1.0" encoding="UTF-8"?>
<testsuite xmlns:xsi="http://www.w3.org/2001/XMLSchema-instance" xsi:noNamespaceSchemaLocation="https://maven.apache.org/surefire/maven-surefire-plugin/xsd/surefire-test-report-3.0.xsd" version="3.0" name="TestSuite" time="6.314" tests="4" errors="0" skipped="0" failures="0">
  <properties>
[...]
</properties>
  <testcase name="runScenario[&quot;Search characters by name&quot;, &quot;Character API Testing&quot;](1)" classname="com.rickandmorty.runners.TestRunner" time="0.737">
    <system-out><![CDATA[2026-05-15 00:18:51.424 [main] DEBUG com.rickandmorty.utils.testng.AnnotationTransformer - Attached RetryAnalyzer to AbstractTestNGCucumberTests.runScenario

@api
Scenario: Search characters by name                                   &amp#27;[90m# src/test/resources/features/api_character.feature:4&amp#27;[0m
2026-05-15 00:18:51.616 [TestNG-test-UI and API Tests-1] INFO  com.rickandmorty.stepdefinitions.hooks.Hooks - ===== Starting scenario: Search characters by name =====
2026-05-15 00:18:51.617 [TestNG-test-UI and API Tests-1] INFO  com.rickandmorty.utils.config.ConfigReader - Loading configuration from src/test/resources/config/qa.properties
2026-05-15 00:18:51.617 [TestNG-test-UI and API Tests-1] DEBUG com.rickandmorty.utils.config.ConfigReader - Loaded 3 properties for env 'qa'
2026-05-15 00:18:51.617 [TestNG-test-UI and API Tests-1] DEBUG com.rickandmorty.utils.config.ConfigReader - Property 'apiBaseUrl' not found, falling back to default 'https://rickandmortyapi.com/api/'
2026-05-15 00:18:51.617 [TestNG-test-UI and API Tests-1] DEBUG com.rickandmorty.api.clients.CharacterClient - CharacterClient initialized with apiBaseUrl: https://rickandmortyapi.com/api/
2026-05-15 00:18:51.617 [TestNG-test-UI and API Tests-1] INFO  com.rickandmorty.stepdefinitions.api.CharacterApiSteps - Step: search characters by name='rick'
2026-05-15 00:18:51.617 [TestNG-test-UI and API Tests-1] INFO  com.rickandmorty.api.clients.CharacterClient - GET https://rickandmortyapi.com/api/character ?name=rick
2026-05-15 00:18:52.187 [TestNG-test-UI and API Tests-1] INFO  com.rickandmorty.api.clients.CharacterClient - Response 200 from GET https://rickandmortyapi.com/api/character?name=rick in 570 ms
2026-05-15 00:18:52.197 [TestNG-test-UI and API Tests-1] DEBUG com.rickandmorty.api.clients.CharacterClient - Response body: {"info":{"count":107,"pages":6,"next":"https://rickandmortyapi.com/api/character?page=2&name=rick","prev":null},"results":[{"id":1,"name":"Rick Sanchez","status":"Alive","species":"Human","type":"","gender":"Male","origin":{"name":"Earth (C-137)","url":"https://rickandmortyapi.com/api/location/1"},"location":{"name":"Citadel of Ricks","url":"https://rickandmortyapi.com/api/location/3"},"image":"https://rickandmortyapi.com/api/character/avatar/1.jpeg","episode":["https://rickandmortyapi.com/api/episode/1","https://rickandmortyapi.com/api/episode/2","https://rickandmortyapi.com/api/episode/3","https://rickandmortyapi.com/api/episode/4","https://rickandmortyapi.com/api/episode/5","https://rickandmortyapi.com/api/episode/6","https://rickandmortyapi.com/api/episode/7","https://rickandmortyapi.com/api/episode/8","https://rickandmortyapi.com/api/episode/9","https://rickandmortyapi.com/api/episode/10","https://rickandmortyapi.com/api/episode/11","https://rickandmortyapi.com/api/episode/12","https://rickandmortyapi.com/api/episode/13","https://rickandmortyapi.com/api/episode/14","https://rickandmortyapi.com/api/episode/15","https://rickandmortyapi.com/api/episode/16","https://rickandmortyapi.com/api/episode/17","https://rickandmortyapi.com/api/episode/18","https://rickandmortyapi.com/api/episode/19","https://rickandmortyapi.com/api/episode/20","https://rickandmortyapi.com/api/episode/21","https://rickandmortyapi.com/api/episode/22","https://rickandmortyapi.com/api/episode/23","https://rickandmortyapi.com/api/episode/24","https://rickandmortyapi.com/api/episode/25","https://rickandmortyapi.com/api/episode/26","https://rickandmortyapi.com/api/episode/27","https://rickandmortyapi.com/api/episode/28","https://rickandmortyapi.com/api/episode/29","https://rickandmortyapi.com/api/episode/30","https://rickandmortyapi.com/api/episode/31","https://rickandmortyapi.com/api/episode/32","https://rickandmortyapi.com/api/episode/33","https://rickandmortyapi.com/api/episode/34","https://rickandmortyapi.com/api/episode/35","https://rickandmortyapi.com/api/episode/36","https://rickandmortyapi.com/api/episode/37","https://rickandmortyapi.com/api/episode/38","https://rickandmortyapi.com/api/episode/39","https://rickandmortyapi.com/api/episode/40","https://rickandmortyapi.com/api/episode/41","https://rickandmortyapi.com/api/episode/42","https://rickandmortyapi.com/api/episode/43","https://rickandmortyapi.com/api/episode/44","https://rickandmortyapi.com/api/episode/45","https://rickandmortyapi.com/api/episode/46","https://rickandmortyapi.com/api/episode/47","https://rickandmortyapi.com/api/episode/48","https://rickandmortyapi.com/api/episode/49","https://rickandmortyapi.com/api/episode/50","https://rickandmortyapi.com/api/episode/51"],"url":"https://rickandmortyapi.com/api/character/1","created":"2017-11-04T18:48:46.250Z"},{"id":8,"name":"Adjudicator Rick","status":"Dead","species":"Human","type":"","gender":"Male","origin":{"name":"unknown","url":""},"location":{"name":"Citadel of Ricks","url":"https://rickandmortyapi.com/api/location/3"},"image":"https://rickandmortyapi.com/api/character/avatar/8.jpeg","episode":["https://rickandmortyapi.com/api/episode/28"],"url":"https://rickandmortyapi.com/api/character/8","created":"2017-11-04T20:03:34.737Z"},{"id":15,"name":"Alien Rick","status":"unknown","species":"Alien","type":"","gender":"Male","origin":{"name":"unknown","url":""},"location":{"name":"Citadel of Ricks","url":"https://rickandmortyapi.com/api/location/3"},"image":"https://rickandmortyapi.com/api/character/avatar/15.jpeg","episode":["https://rickandmortyapi.com/api/episode/10"],"url":"https://rickandmortyapi.com/api/character/15","created":"2017-11-04T20:56:13.215Z"},{"id":19,"name":"Antenna Rick","status":"unknown","species":"Human","type":"Human with antennae","gender":"Male","origin":{"name":"unknown","url":""},"location":{"name":"unknown","url":""},"image":"https://rickandmortyapi.com/api/character/avatar/19.jpeg","episode":["https://rickandmortyapi.com/api/episode/10"],"url":"https://rickandmortyapi.com/api/character/19","created":"2017-11-04T22:28:13.756Z"},{"id":22,"name":"Aqua Rick","status":"unknown","species":"Humanoid","type":"Fish-Person","gender":"Male","origin":{"name":"unknown","url":""},"location":{"name":"Citadel of Ricks","url":"https://rickandmortyapi.com/api/location/3"},"image":"https://rickandmortyapi.com/api/character/avatar/22.jpeg","episode":["https://rickandmortyapi.com/api/episode/10","https://rickandmortyapi.com/api/episode/22","https://rickandmortyapi.com/api/episode/28"],"url":"https://rickandmortyapi.com/api/character/22","created":"2017-11-04T22:41:07.171Z"},{"id":48,"name":"Black Rick","status":"Alive","species":"Human","type":"","gender":"Male","origin":{"name":"unknown","url":""},"location":{"name":"Citadel of Ricks","url":"https://rickandmortyapi.com/api/location/3"},"image":"https://rickandmortyapi.com/api/character/avatar/48.jpeg","episode":["https://rickandmortyapi.com/api/episode/22","https://rickandmortyapi.com/api/episode/28"],"url":"https://rickandmortyapi.com/api/character/48","created":"2017-11-05T11:15:26.044Z"},{"id":56,"name":"Bootleg Portal Chemist Rick","status":"Dead","species":"Human","type":"","gender":"Male","origin":{"name":"unknown","url":""},"location":{"name":"Citadel of Ricks","url":"https://rickandmortyapi.com/api/location/3"},"image":"https://rickandmortyapi.com/api/character/avatar/56.jpeg","episode":["https://rickandmortyapi.com/api/episode/28"],"url":"https://rickandmortyapi.com/api/character/56","created":"2017-11-05T11:34:16.447Z"},{"id":69,"name":"Commander Rick","status":"Dead","species":"Human","type":"","gender":"Male","origin":{"name":"unknown","url":""},"location":{"name":"Citadel of Ricks","url":"https://rickandmortyapi.com/api/location/3"},"image":"https://rickandmortyapi.com/api/character/avatar/69.jpeg","episode":["https://rickandmortyapi.com/api/episode/22"],"url":"https://rickandmortyapi.com/api/character/69","created":"2017-11-30T11:28:06.461Z"},{"id":72,"name":"Cool Rick","status":"Alive","species":"Human","type":"","gender":"Male","origin":{"name":"Earth (K-83)","url":"https://rickandmortyapi.com/api/location/26"},"location":{"name":"Citadel of Ricks","url":"https://rickandmortyapi.com/api/location/3"},"image":"https://rickandmortyapi.com/api/character/avatar/72.jpeg","episode":["https://rickandmortyapi.com/api/episode/28"],"url":"https://rickandmortyapi.com/api/character/72","created":"2017-11-30T11:41:11.542Z"},{"id":74,"name":"Cop Rick","status":"Alive","species":"Human","type":"","gender":"Male","origin":{"name":"unknown","url":""},"location":{"name":"Citadel of Ricks","url":"https://rickandmortyapi.com/api/location/3"},"image":"https://rickandmortyapi.com/api/character/avatar/74.jpeg","episode":["https://rickandmortyapi.com/api/episode/28"],"url":"https://rickandmortyapi.com/api/character/74","created":"2017-11-30T11:48:18.950Z"},{"id":78,"name":"Cowboy Rick","status":"Alive","species":"Human","type":"","gender":"Male","origin":{"name":"unknown","url":""},"location":{"name":"Citadel of Ricks","url":"https://rickandmortyapi.com/api/location/3"},"image":"https://rickandmortyapi.com/api/character/avatar/78.jpeg","episode":["https://rickandmortyapi.com/api/episode/10","https://rickandmortyapi.com/api/episode/28"],"url":"https://rickandmortyapi.com/api/character/78","created":"2017-11-30T14:15:18.347Z"},{"id":82,"name":"Cronenberg Rick","status":"unknown","species":"Cronenberg","type":"","gender":"Male","origin":{"name":"Cronenberg Earth","url":"https://rickandmortyapi.com/api/location/12"},"location":{"name":"Earth (C-137)","url":"https://rickandmortyapi.com/api/location/1"},"image":"https://rickandmortyapi.com/api/character/avatar/82.jpeg","episode":["https://rickandmortyapi.com/api/episode/6","https://rickandmortyapi.com/api/episode/10"],"url":"https://rickandmortyapi.com/api/character/82","created":"2017-11-30T14:28:54.596Z"},{"id":86,"name":"Cyclops Rick","status":"Dead","species":"Humanoid","type":"","gender":"Male","origin":{"name":"unknown","url":""},"location":{"name":"Citadel of Ricks","url":"https://rickandmortyapi.com/api/location/3"},"image":"https://rickandmortyapi.com/api/character/avatar/86.jpeg","episode":["https://rickandmortyapi.com/api/episode/10","https://rickandmortyapi.com/api/episode/22","https://rickandmortyapi.com/api/episode/28"],"url":"https://rickandmortyapi.com/api/character/86","created":"2017-11-30T20:53:10.382Z"},{"id":103,"name":"Doofus Rick","status":"unknown","species":"Human","type":"","gender":"Male","origin":{"name":"Earth (J19ζ7)","url":"https://rickandmortyapi.com/api/location/31"},"location":{"name":"Earth (Replacement Dimension)","url":"https://rickandmortyapi.com/api/location/20"},"image":"https://rickandmortyapi.com/api/character/avatar/103.jpeg","episode":["https://rickandmortyapi.com/api/episode/10","https://rickandmortyapi.com/api/episode/22"],"url":"https://rickandmortyapi.com/api/character/103","created":"2017-12-01T12:29:27.984Z"},{"id":119,"name":"Evil Rick","status":"Dead","species":"Humanoid","type":"Robot","gender":"Male","origin":{"name":"unknown","url":""},"location":{"name":"Citadel of Ricks","url":"https://rickandmortyapi.com/api/location/3"},"image":"https://rickandmortyapi.com/api/character/avatar/119.jpeg","episode":["https://rickandmortyapi.com/api/episode/10"],"url":"https://rickandmortyapi.com/api/character/119","created":"2017-12-26T16:17:16.472Z"},{"id":135,"name":"Garment District Rick","status":"Dead","species":"Human","type":"","gender":"Male","origin":{"name":"unknown","url":""},"location":{"name":"Citadel of Ricks","url":"https://rickandmortyapi.com/api/location/3"},"image":"https://rickandmortyapi.com/api/character/avatar/135.jpeg","episode":["https://rickandmortyapi.com/api/episode/28"],"url":"https://rickandmortyapi.com/api/character/135","created":"2017-12-26T20:51:43.614Z"},{"id":164,"name":"Insurance Rick","status":"unknown","species":"Human","type":"","gender":"Male","origin":{"name":"unknown","url":""},"location":{"name":"Citadel of Ricks","url":"https://rickandmortyapi.com/api/location/3"},"image":"https://rickandmortyapi.com/api/character/avatar/164.jpeg","episode":["https://rickandmortyapi.com/api/episode/10"],"url":"https://rickandmortyapi.com/api/character/164","created":"2017-12-29T17:03:08.645Z"},{"id":165,"name":"Investigator Rick","status":"Dead","species":"Human","type":"","gender":"Male","origin":{"name":"unknown","url":""},"location":{"name":"Citadel of Ricks","url":"https://rickandmortyapi.com/api/location/3"},"image":"https://rickandmortyapi.com/api/character/avatar/165.jpeg","episode":["https://rickandmortyapi.com/api/episode/28"],"url":"https://rickandmortyapi.com/api/character/165","created":"2017-12-29T17:05:15.514Z"},{"id":187,"name":"Juggling Rick","status":"unknown","species":"Human","type":"","gender":"Male","origin":{"name":"unknown","url":""},"location":{"name":"Citadel of Ricks","url":"https://rickandmortyapi.com/api/location/3"},"image":"https://rickandmortyapi.com/api/character/avatar/187.jpeg","episode":["https://rickandmortyapi.com/api/episode/28"],"url":"https://rickandmortyapi.com/api/character/187","created":"2017-12-29T18:59:47.440Z"},{"id":215,"name":"Maximums Rickimus","status":"Dead","species":"Human","type":"","gender":"Male","origin":{"name":"unknown","url":""},"location":{"name":"Rick's Memories","url":"https://rickandmortyapi.com/api/location/126"},"image":"https://rickandmortyapi.com/api/character/avatar/215.jpeg","episode":["https://rickandmortyapi.com/api/episode/10","https://rickandmortyapi.com/api/episode/22","https://rickandmortyapi.com/api/episode/51"],"url":"https://rickandmortyapi.com/api/character/215","created":"2017-12-30T14:27:55.489Z"}]}
  &amp#27;[32mWhen &amp#27;[0m&amp#27;[32mI search for characters with name &amp#27;[0m&amp#27;[32m&amp#27;[1m"rick"&amp#27;[0m                       &amp#27;[90m# com.rickandmorty.stepdefinitions.api.CharacterApiSteps.searchByName(java.lang.String)&amp#27;[0m
2026-05-15 00:18:52.200 [TestNG-test-UI and API Tests-1] INFO  com.rickandmorty.stepdefinitions.api.CharacterApiSteps - Step: verifying status code is 200
  &amp#27;[32mThen &amp#27;[0m&amp#27;[32mthe API response status should be &amp#27;[0m&amp#27;[32m&amp#27;[1m200&amp#27;[0m                          &amp#27;[90m# com.rickandmorty.stepdefinitions.api.CharacterApiSteps.verifyStatus(int)&amp#27;[0m
2026-05-15 00:18:52.201 [TestNG-test-UI and API Tests-1] INFO  com.rickandmorty.stepdefinitions.api.CharacterApiSteps - Step: verifying results contain 'Rick'
2026-05-15 00:18:52.249 [TestNG-test-UI and API Tests-1] DEBUG com.rickandmorty.stepdefinitions.api.CharacterApiSteps - Match found in results: true
  &amp#27;[32mAnd &amp#27;[0m&amp#27;[32mthe results should contain characters with &amp#27;[0m&amp#27;[32m&amp#27;[1m"Rick"&amp#27;[0m&amp#27;[32m in their name&amp#27;[0m &amp#27;[90m# com.rickandmorty.stepdefinitions.api.CharacterApiSteps.verifyNameInResults(java.lang.String)&amp#27;[0m
2026-05-15 00:18:52.249 [TestNG-test-UI and API Tests-1] INFO  com.rickandmorty.stepdefinitions.api.CharacterApiSteps - Step: validating response against schema 'schemas/character-list.json'
2026-05-15 00:18:52.324 [TestNG-test-UI and API Tests-1] DEBUG com.rickandmorty.stepdefinitions.api.CharacterApiSteps - Schema validation passed for 'schemas/character-list.json'
  &amp#27;[32mAnd &amp#27;[0m&amp#27;[32mthe response should match JSON schema &amp#27;[0m&amp#27;[32m&amp#27;[1m"character-list"&amp#27;[0m          &amp#27;[90m# com.rickandmorty.stepdefinitions.api.CharacterApiSteps.verifyMatchesSchema(java.lang.String)&amp#27;[0m
2026-05-15 00:18:52.325 [TestNG-test-UI and API Tests-1] INFO  com.rickandmorty.stepdefinitions.hooks.Hooks - Scenario PASSED: Search characters by name
2026-05-15 00:18:52.325 [TestNG-test-UI and API Tests-1] INFO  com.rickandmorty.stepdefinitions.hooks.Hooks - ===== Finished scenario: Search characters by name =====
]]></system-out>
  </testcase>
  <testcase name="runScenario[&quot;Handle invalid character ID&quot;, &quot;Character API Testing&quot;](2)" classname="com.rickandmorty.runners.TestRunner" time="0.301">
    <system-out><![CDATA[
@api
Scenario: Handle invalid character ID                                 &amp#27;[90m# src/test/resources/features/api_character.feature:10&amp#27;[0m
2026-05-15 00:18:52.328 [TestNG-test-UI and API Tests-1] INFO  com.rickandmorty.stepdefinitions.hooks.Hooks - ===== Starting scenario: Handle invalid character ID =====
2026-05-15 00:18:52.329 [TestNG-test-UI and API Tests-1] DEBUG com.rickandmorty.utils.config.ConfigReader - Property 'apiBaseUrl' not found, falling back to default 'https://rickandmortyapi.com/api/'
2026-05-15 00:18:52.329 [TestNG-test-UI and API Tests-1] DEBUG com.rickandmorty.api.clients.CharacterClient - CharacterClient initialized with apiBaseUrl: https://rickandmortyapi.com/api/
2026-05-15 00:18:52.329 [TestNG-test-UI and API Tests-1] INFO  com.rickandmorty.stepdefinitions.api.CharacterApiSteps - Step: search character by id='99999'
2026-05-15 00:18:52.329 [TestNG-test-UI and API Tests-1] INFO  com.rickandmorty.api.clients.CharacterClient - GET https://rickandmortyapi.com/api/character/99999
2026-05-15 00:18:52.485 [TestNG-test-UI and API Tests-1] INFO  com.rickandmorty.api.clients.CharacterClient - Response 404 from GET https://rickandmortyapi.com/api/character/99999 in 156 ms
2026-05-15 00:18:52.485 [TestNG-test-UI and API Tests-1] DEBUG com.rickandmorty.api.clients.CharacterClient - Response body: {"error":"Character not found"}
  &amp#27;[32mWhen &amp#27;[0m&amp#27;[32mI search for character ID &amp#27;[0m&amp#27;[32m&amp#27;[1m"99999"&amp#27;[0m                              &amp#27;[90m# com.rickandmorty.stepdefinitions.api.CharacterApiSteps.searchById(java.lang.String)&amp#27;[0m
2026-05-15 00:18:52.486 [TestNG-test-UI and API Tests-1] INFO  com.rickandmorty.stepdefinitions.api.CharacterApiSteps - Step: verifying status code is 404
  &amp#27;[32mThen &amp#27;[0m&amp#27;[32mthe API response status should be &amp#27;[0m&amp#27;[32m&amp#27;[1m404&amp#27;[0m                          &amp#27;[90m# com.rickandmorty.stepdefinitions.api.CharacterApiSteps.verifyStatus(int)&amp#27;[0m
2026-05-15 00:18:52.486 [TestNG-test-UI and API Tests-1] INFO  com.rickandmorty.stepdefinitions.api.CharacterApiSteps - Step: verifying error message 'Character not found'
  &amp#27;[32mAnd &amp#27;[0m&amp#27;[32mthe response should contain error message &amp#27;[0m&amp#27;[32m&amp#27;[1m"Character not found"&amp#27;[0m &amp#27;[90m# com.rickandmorty.stepdefinitions.api.CharacterApiSteps.verifyErrorMessage(java.lang.String)&amp#27;[0m
2026-05-15 00:18:52.627 [TestNG-test-UI and API Tests-1] INFO  com.rickandmorty.stepdefinitions.hooks.Hooks - Scenario PASSED: Handle invalid character ID
2026-05-15 00:18:52.627 [TestNG-test-UI and API Tests-1] INFO  com.rickandmorty.stepdefinitions.hooks.Hooks - ===== Finished scenario: Handle invalid character ID =====
]]></system-out>
  </testcase>
  <testcase name="runScenario[&quot;Search returns no matches&quot;, &quot;Character API Testing&quot;](3)" classname="com.rickandmorty.runners.TestRunner" time="0.157">
    <system-out><![CDATA[
@api
Scenario: Search returns no matches                                     &amp#27;[90m# src/test/resources/features/api_character.feature:15&amp#27;[0m
2026-05-15 00:18:52.630 [TestNG-test-UI and API Tests-1] INFO  com.rickandmorty.stepdefinitions.hooks.Hooks - ===== Starting scenario: Search returns no matches =====
2026-05-15 00:18:52.630 [TestNG-test-UI and API Tests-1] DEBUG com.rickandmorty.utils.config.ConfigReader - Property 'apiBaseUrl' not found, falling back to default 'https://rickandmortyapi.com/api/'
2026-05-15 00:18:52.630 [TestNG-test-UI and API Tests-1] DEBUG com.rickandmorty.api.clients.CharacterClient - CharacterClient initialized with apiBaseUrl: https://rickandmortyapi.com/api/
2026-05-15 00:18:52.630 [TestNG-test-UI and API Tests-1] INFO  com.rickandmorty.stepdefinitions.api.CharacterApiSteps - Step: search characters by name='zzzzznotreal'
2026-05-15 00:18:52.630 [TestNG-test-UI and API Tests-1] INFO  com.rickandmorty.api.clients.CharacterClient - GET https://rickandmortyapi.com/api/character ?name=zzzzznotreal
2026-05-15 00:18:52.779 [TestNG-test-UI and API Tests-1] INFO  com.rickandmorty.api.clients.CharacterClient - Response 404 from GET https://rickandmortyapi.com/api/character?name=zzzzznotreal in 149 ms
2026-05-15 00:18:52.779 [TestNG-test-UI and API Tests-1] DEBUG com.rickandmorty.api.clients.CharacterClient - Response body: {"error":"There is nothing here"}
  &amp#27;[32mWhen &amp#27;[0m&amp#27;[32mI search for characters with name &amp#27;[0m&amp#27;[32m&amp#27;[1m"zzzzznotreal"&amp#27;[0m                 &amp#27;[90m# com.rickandmorty.stepdefinitions.api.CharacterApiSteps.searchByName(java.lang.String)&amp#27;[0m
2026-05-15 00:18:52.779 [TestNG-test-UI and API Tests-1] INFO  com.rickandmorty.stepdefinitions.api.CharacterApiSteps - Step: verifying status code is 404
  &amp#27;[32mThen &amp#27;[0m&amp#27;[32mthe API response status should be &amp#27;[0m&amp#27;[32m&amp#27;[1m404&amp#27;[0m                            &amp#27;[90m# com.rickandmorty.stepdefinitions.api.CharacterApiSteps.verifyStatus(int)&amp#27;[0m
2026-05-15 00:18:52.779 [TestNG-test-UI and API Tests-1] INFO  com.rickandmorty.stepdefinitions.api.CharacterApiSteps - Step: verifying error message 'There is nothing here'
  &amp#27;[32mAnd &amp#27;[0m&amp#27;[32mthe response should contain error message &amp#27;[0m&amp#27;[32m&amp#27;[1m"There is nothing here"&amp#27;[0m &amp#27;[90m# com.rickandmorty.stepdefinitions.api.CharacterApiSteps.verifyErrorMessage(java.lang.String)&amp#27;[0m
2026-05-15 00:18:52.784 [TestNG-test-UI and API Tests-1] INFO  com.rickandmorty.stepdefinitions.hooks.Hooks - Scenario PASSED: Search returns no matches
2026-05-15 00:18:52.784 [TestNG-test-UI and API Tests-1] INFO  com.rickandmorty.stepdefinitions.hooks.Hooks - ===== Finished scenario: Search returns no matches =====
]]></system-out>
  </testcase>
  <testcase name="runScenario[&quot;Verify About Page contains author information&quot;, &quot;Rick and Morty API Website Navigation&quot;](4)" classname="com.rickandmorty.runners.TestRunner" time="4.652">
    <system-out><![CDATA[
@ui @smoke
Scenario: Verify About Page contains author information  &amp#27;[90m# src/test/resources/features/navigation.feature:4&amp#27;[0m
2026-05-15 00:18:52.786 [TestNG-test-UI and API Tests-1] INFO  com.rickandmorty.stepdefinitions.hooks.Hooks - ===== Starting scenario: Verify About Page contains author information =====
2026-05-15 00:18:52.787 [TestNG-test-UI and API Tests-1] INFO  com.rickandmorty.utils.driver.DriverManager - Initializing WebDriver — browser: chrome, headless: false
2026-05-15 00:18:53.304 [TestNG-test-UI and API Tests-1] INFO  io.github.bonigarcia.wdm.WebDriverManager - Using chromedriver 148.0.7778.167 (resolved driver for Chrome 148)
2026-05-15 00:18:53.317 [TestNG-test-UI and API Tests-1] INFO  io.github.bonigarcia.wdm.WebDriverManager - Exporting webdriver.chrome.driver as /Users/abinaya/.cache/selenium/chromedriver/mac-arm64/148.0.7778.167/chromedriver
2026-05-15 00:18:55.049 [TestNG-test-UI and API Tests-1] INFO  com.rickandmorty.utils.driver.DriverManager - WebDriver initialized for thread TestNG-test-UI and API Tests-1
2026-05-15 00:18:55.050 [TestNG-test-UI and API Tests-1] INFO  com.rickandmorty.stepdefinitions.ui.NavigationSteps - Navigating to home page: https://rickandmortyapi.com/
  &amp#27;[32mGiven &amp#27;[0m&amp#27;[32mI am on the Rick and Morty home page&amp#27;[0m             &amp#27;[90m# com.rickandmorty.stepdefinitions.ui.NavigationSteps.i_am_on_home_page()&amp#27;[0m
2026-05-15 00:18:56.502 [TestNG-test-UI and API Tests-1] INFO  com.rickandmorty.stepdefinitions.ui.NavigationSteps - Step: clicking 'About' link
2026-05-15 00:18:56.506 [TestNG-test-UI and API Tests-1] INFO  com.rickandmorty.ui.pages.HomePage - Clicking About link in top navigation
2026-05-15 00:18:56.556 [TestNG-test-UI and API Tests-1] DEBUG com.rickandmorty.ui.pages.HomePage - About link click dispatched
  &amp#27;[32mWhen &amp#27;[0m&amp#27;[32mI click on the &amp#27;[0m&amp#27;[32m&amp#27;[1m"About"&amp#27;[0m&amp#27;[32m link&amp#27;[0m                       &amp#27;[90m# com.rickandmorty.stepdefinitions.ui.NavigationSteps.i_click_on_the_link(java.lang.String)&amp#27;[0m
2026-05-15 00:18:56.556 [TestNG-test-UI and API Tests-1] INFO  com.rickandmorty.stepdefinitions.ui.NavigationSteps - Step: verifying redirection to About page
2026-05-15 00:18:56.556 [TestNG-test-UI and API Tests-1] INFO  com.rickandmorty.ui.pages.AboutPage - Waiting for redirection to About page
2026-05-15 00:18:57.274 [TestNG-test-UI and API Tests-1] INFO  com.rickandmorty.ui.pages.AboutPage - Successfully landed on About page: https://rickandmortyapi.com/about
2026-05-15 00:18:57.277 [TestNG-test-UI and API Tests-1] DEBUG com.rickandmorty.ui.pages.AboutPage - Current URL: https://rickandmortyapi.com/about
  &amp#27;[32mThen &amp#27;[0m&amp#27;[32mI should be redirected to the about page&amp#27;[0m          &amp#27;[90m# com.rickandmorty.stepdefinitions.ui.NavigationSteps.i_should_be_redirected_to_the_about_page()&amp#27;[0m
2026-05-15 00:18:57.277 [TestNG-test-UI and API Tests-1] INFO  com.rickandmorty.stepdefinitions.ui.NavigationSteps - Step: verifying Technical section
2026-05-15 00:18:57.277 [TestNG-test-UI and API Tests-1] INFO  com.rickandmorty.ui.pages.AboutPage - Verifying 'Technical' section is displayed
2026-05-15 00:18:57.297 [TestNG-test-UI and API Tests-1] DEBUG com.rickandmorty.ui.pages.AboutPage - Technical section displayed: true
  &amp#27;[32mAnd &amp#27;[0m&amp#27;[32mI should see information about the technical stuff&amp#27;[0m &amp#27;[90m# com.rickandmorty.stepdefinitions.ui.NavigationSteps.i_should_see_technical_info()&amp#27;[0m
2026-05-15 00:18:57.297 [TestNG-test-UI and API Tests-1] INFO  com.rickandmorty.stepdefinitions.ui.NavigationSteps - Step: verifying author 'Axel Fuhrmann' is mentioned on the page
2026-05-15 00:18:57.297 [TestNG-test-UI and API Tests-1] INFO  com.rickandmorty.ui.pages.AboutPage - Verifying author 'Axel Fuhrmann' is mentioned on the page
2026-05-15 00:18:57.309 [TestNG-test-UI and API Tests-1] DEBUG com.rickandmorty.ui.pages.AboutPage - Author element present: true
  &amp#27;[32mAnd &amp#27;[0m&amp#27;[32mI should see the author &amp#27;[0m&amp#27;[32m&amp#27;[1m"Axel Fuhrmann"&amp#27;[0m&amp#27;[32m mentioned&amp#27;[0m  &amp#27;[90m# com.rickandmorty.stepdefinitions.ui.NavigationSteps.i_should_see_author_mentioned(java.lang.String)&amp#27;[0m
2026-05-15 00:18:57.309 [TestNG-test-UI and API Tests-1] INFO  com.rickandmorty.stepdefinitions.hooks.Hooks - Scenario PASSED: Verify About Page contains author information
2026-05-15 00:18:57.309 [TestNG-test-UI and API Tests-1] INFO  com.rickandmorty.utils.driver.DriverManager - Quitting WebDriver for thread TestNG-test-UI and API Tests-1
2026-05-15 00:18:57.436 [TestNG-test-UI and API Tests-1] INFO  com.rickandmorty.stepdefinitions.hooks.Hooks - ===== Finished scenario: Verify About Page contains author information =====
]]></system-out>
    <system-err><![CDATA[May 15, 2026 12:18:54 AM org.openqa.selenium.devtools.CdpVersionFinder findNearestMatch
WARNING: Unable to find CDP implementation matching 148
May 15, 2026 12:18:54 AM org.openqa.selenium.chromium.ChromiumDriver lambda$new$5
WARNING: Unable to find version of CDP to use for 148.0.7778.97. You may need to include a dependency on a specific version of the CDP using something similar to `org.seleniumhq.selenium:selenium-devtools-v86:4.21.0` where the version ("v86") matches the version of the chromium-based browser you're using and the version number of the artifact is the same as Selenium's.
]]></system-err>
  </testcase>
</testsuite>