<?xml version="1.0" encoding="UTF-8"?>
<testng-results ignored="0" total="4" passed="4" failed="0" skipped="0">
  <reporter-output>
  </reporter-output>
  <suite started-at="2026-05-15T00:18:51 IST" name="Rick and Morty Test Suite" finished-at="2026-05-15T00:18:57 IST" duration-ms="6006">
    <groups>
      <group name="cucumber">
        <method signature="AbstractTestNGCucumberTests.runScenario(io.cucumber.testng.PickleWrapper,io.cucumber.testng.FeatureWrapper)[pri:0, instance:com.rickandmorty.runners.TestRunner@4d722ac9]" name="runScenario" class="io.cucumber.testng.AbstractTestNGCucumberTests"/>
      </group> <!-- cucumber -->
    </groups>
    <test started-at="2026-05-15T00:18:51 IST" name="UI and API Tests" finished-at="2026-05-15T00:18:57 IST" duration-ms="6006">
      <class name="com.rickandmorty.runners.TestRunner">
        <test-method is-config="true" signature="setUpClass(org.testng.ITestContext)[pri:0, instance:com.rickandmorty.runners.TestRunner@4d722ac9]" started-at="2026-05-15T00:18:51 IST" name="setUpClass" finished-at="2026-05-15T00:18:51 IST" duration-ms="133" status="PASS">
          <params>
            <param index="0">
              <value>
                <![CDATA[org.testng.TestRunner@3e7634b9]]>
              </value>
            </param>
          </params>
          <reporter-output>
          </reporter-output>
        </test-method> <!-- setUpClass -->
        <test-method signature="runScenario(io.cucumber.testng.PickleWrapper,io.cucumber.testng.FeatureWrapper)[pri:0, instance:com.rickandmorty.runners.TestRunner@4d722ac9]" started-at="2026-05-15T00:18:51 IST" name="runScenario" description="Runs Cucumber Scenarios" data-provider="scenarios" finished-at="2026-05-15T00:18:52 IST" duration-ms="737" status="PASS">
          <params>
            <param index="0">
              <value>
                <![CDATA["Search characters by name"]]>
              </value>
            </param>
            <param index="1">
              <value>
                <![CDATA["Character API Testing"]]>
              </value>
            </param>
          </params>
          <reporter-output>
          </reporter-output>
        </test-method> <!-- runScenario -->
        <test-method signature="runScenario(io.cucumber.testng.PickleWrapper,io.cucumber.testng.FeatureWrapper)[pri:0, instance:com.rickandmorty.runners.TestRunner@4d722ac9]" started-at="2026-05-15T00:18:52 IST" name="runScenario" description="Runs Cucumber Scenarios" data-provider="scenarios" finished-at="2026-05-15T00:18:52 IST" duration-ms="301" status="PASS">
          <params>
            <param index="0">
              <value>
                <![CDATA["Handle invalid character ID"]]>
              </value>
            </param>
            <param index="1">
              <value>
                <![CDATA["Character API Testing"]]>
              </value>
            </param>
          </params>
          <reporter-output>
          </reporter-output>
        </test-method> <!-- runScenario -->
        <test-method signature="runScenario(io.cucumber.testng.PickleWrapper,io.cucumber.testng.FeatureWrapper)[pri:0, instance:com.rickandmorty.runners.TestRunner@4d722ac9]" started-at="2026-05-15T00:18:52 IST" name="runScenario" description="Runs Cucumber Scenarios" data-provider="scenarios" finished-at="2026-05-15T00:18:52 IST" duration-ms="156" status="PASS">
          <params>
            <param index="0">
              <value>
                <![CDATA["Search returns no matches"]]>
              </value>
            </param>
            <param index="1">
              <value>
                <![CDATA["Character API Testing"]]>
              </value>
            </param>
          </params>
          <reporter-output>
          </reporter-output>
        </test-method> <!-- runScenario -->
        <test-method signature="runScenario(io.cucumber.testng.PickleWrapper,io.cucumber.testng.FeatureWrapper)[pri:0, instance:com.rickandmorty.runners.TestRunner@4d722ac9]" started-at="2026-05-15T00:18:52 IST" name="runScenario" description="Runs Cucumber Scenarios" data-provider="scenarios" finished-at="2026-05-15T00:18:57 IST" duration-ms="4652" status="PASS">
          <params>
            <param index="0">
              <value>
                <![CDATA["Verify About Page contains author information"]]>
              </value>
            </param>
            <param index="1">
              <value>
                <![CDATA["Rick and Morty API Website Navigation"]]>
              </value>
            </param>
          </params>
          <reporter-output>
          </reporter-output>
        </test-method> <!-- runScenario -->
        <test-method is-config="true" signature="tearDownClass()[pri:0, instance:com.rickandmorty.runners.TestRunner@4d722ac9]" started-at="2026-05-15T00:18:57 IST" name="tearDownClass" finished-at="2026-05-15T00:18:57 IST" duration-ms="15" status="PASS">
          <reporter-output>
          </reporter-output>
        </test-method> <!-- tearDownClass -->
      </class> <!-- com.rickandmorty.runners.TestRunner -->
    </test> <!-- UI and API Tests -->
  </suite> <!-- Rick and Morty Test Suite -->
</testng-results>
