<?xml version="1.0" encoding="UTF-8"?>
<!-- Generated by org.testng.reporters.JUnitReportReporter -->
<testsuite hostname="UNIHQ6VVCYX37" failures="0" tests="4" name="com.rickandmorty.runners.TestRunner" time="5.846" errors="0" timestamp="2026-05-15T00:18:57 IST" skipped="0">
  <testcase classname="com.rickandmorty.runners.TestRunner" name="runScenario" time="0.301"/>
  <testcase classname="com.rickandmorty.runners.TestRunner" name="runScenario" time="0.737"/>
  <testcase classname="com.rickandmorty.runners.TestRunner" name="runScenario" time="0.156"/>
  <testcase classname="com.rickandmorty.runners.TestRunner" name="runScenario" time="4.652"/>
</testsuite> <!-- com.rickandmorty.runners.TestRunner -->
